  Скопировано файлов:         1.
  Подпапка или файл C:\Users\alexv\projects\graphical calculator\x64\Release Static\resources уже существует.
  C:\Users\alexv\projects\graphical calculator\resources\sansation.ttf
  Скопировано файлов:         1.
  Source.cpp
c:\users\alexv\projects\graphical calculator\button.h(28): warning C4244: аргумент: преобразование "T" в "T", возможна потеря данных
          with
          [
              T=int
          ]
          and
          [
              T=float
          ]
c:\users\alexv\projects\graphical calculator\textfield.h(19): warning C4244: аргумент: преобразование "unsigned int" в "T", возможна потеря данных
          with
          [
              T=float
          ]
c:\users\alexv\projects\graphical calculator\source.cpp(53): warning C4244: аргумент: преобразование "double" в "T", возможна потеря данных
          with
          [
              T=float
          ]
  Создание кода
  1 of 280 functions ( 0.4%) were compiled, the rest were copied from previous compilation.
    0 functions were new in current compilation
    0 functions had inline decision re-evaluated but remain unchanged
  Создание кода завершено
  graphical calculator.vcxproj -> C:\Users\alexv\projects\graphical calculator\x64\Release Static\graphical calculator.exe
